<?xml version="1.0" encoding="UTF-8"?>
<testsuite xmlns:xsi="http://www.w3.org/2001/XMLSchema-instance" xsi:noNamespaceSchemaLocation="https://maven.apache.org/surefire/maven-surefire-plugin/xsd/surefire-test-report-3.0.xsd" version="3.0" name="testRunner.ChromeTest" time="477.651" tests="40" errors="0" skipped="0" failures="0">
  <properties>
[...]
</properties>
  <testcase name="Validate Fees tab" classname="Validate end to end testing on Account Tab" time="19.743">
    <system-out><![CDATA[************* Chrome Test environment Start ********************

Scenario Outline: Validate Fees tab            # src/test/java/Features/Account.feature:12
Element Visible
  When username and password field are display # Steps.LoginPageSteps.username_and_password_field_are_display()
  And enter "chimerasa" and "Test2021"         # Steps.LoginPageSteps.enter_and(java.lang.String,java.lang.String)
  And click on Login button                    # Steps.LoginPageSteps.click_on_login_button()
PaySchools Admin -Home
  Then homepage should display                 # Steps.LoginPageSteps.homepage_should_display()
  Then verify Fees Tab                         # Steps.FeesSteps.verify_Fees_Tab()
]]></system-out>
    <system-err><![CDATA[SLF4J: Failed to load class "org.slf4j.impl.StaticLoggerBinder".
SLF4J: Defaulting to no-operation (NOP) logger implementation
SLF4J: See http://www.slf4j.org/codes.html#StaticLoggerBinder for further details.
ERROR StatusLogger Log4j2 could not find a logging implementation. Please add log4j-core to the classpath. Using SimpleLogger to log to the console...
Starting ChromeDriver 97.0.4692.71 (adefa7837d02a07a604c1e6eff0b3a09422ab88d-refs/branch-heads/4692@{#1247}) on port 60025
Only local connections are allowed.
Please see https://chromedriver.chromium.org/security-considerations for suggestions on keeping ChromeDriver safe.
ChromeDriver was started successfully.
Jan 25, 2022 7:31:57 PM org.openqa.selenium.remote.ProtocolHandshake createSession
INFO: Detected dialect: W3C
Jan 25, 2022 7:31:57 PM org.openqa.selenium.devtools.CdpVersionFinder findNearestMatch
WARNING: Unable to find an exact match for CDP version 97, so returning the closest version found: 96
Jan 25, 2022 7:31:57 PM org.openqa.selenium.devtools.CdpVersionFinder findNearestMatch
INFO: Found CDP implementation for version 97 of 96
]]></system-err>
  </testcase>
  <testcase name="Verify Home Tab visibility" classname="Validate end to end testing on Account Tab" time="0.281">
    <system-out><![CDATA[
Scenario: Verify Home Tab visibility    # src/test/java/Features/Account.feature:14
PaySchools Admin -Home
  Given homepage should display         # Steps.LoginPageSteps.homepage_should_display()
  Then validate Home Tab should visible # Steps.HomePageSteps.validate_Home_Tab_should_visible()
]]></system-out>
  </testcase>
  <testcase name="Verify Patrons Tab visibility" classname="Validate end to end testing on Account Tab" time="0.186">
    <system-out><![CDATA[
Scenario: Verify Patrons Tab visibility    # src/test/java/Features/Account.feature:18
PaySchools Admin -Home
  Given homepage should display            # Steps.LoginPageSteps.homepage_should_display()
  Then validate Patrons Tab should visible # Steps.HomePageSteps.validate_Patrons_Tab_should_visible()
]]></system-out>
  </testcase>
  <testcase name="Verify Reports Tab visibility" classname="Validate end to end testing on Account Tab" time="0.183">
    <system-out><![CDATA[
Scenario: Verify Reports Tab visibility    # src/test/java/Features/Account.feature:22
PaySchools Admin -Home
  Given homepage should display            # Steps.LoginPageSteps.homepage_should_display()
  Then validate Reports Tab should visible # Steps.HomePageSteps.validate_Reports_Tab_should_visible()
]]></system-out>
  </testcase>
  <testcase name="Verify Nurse Tracking Tab visibility" classname="Validate end to end testing on Account Tab" time="0.215">
    <system-out><![CDATA[
Scenario: Verify Nurse Tracking Tab visibility    # src/test/java/Features/Account.feature:26
PaySchools Admin -Home
  Given homepage should display                   # Steps.LoginPageSteps.homepage_should_display()
  Then validate Nurse Tracking Tab should visible # Steps.HomePageSteps.validate_Nurse_Tracking_Tab_should_visible()
]]></system-out>
  </testcase>
  <testcase name="Verify Quick Apps Tab visibility" classname="Validate end to end testing on Account Tab" time="0.177">
    <system-out><![CDATA[
Scenario: Verify Quick Apps Tab visibility    # src/test/java/Features/Account.feature:30
PaySchools Admin -Home
  Given homepage should display               # Steps.LoginPageSteps.homepage_should_display()
  Then validate Quick Apps Tab should visible # Steps.HomePageSteps.validate_Quick_Apps_Tab_should_visible()
]]></system-out>
  </testcase>
  <testcase name="Verify Forms Tab visibility" classname="Validate end to end testing on Account Tab" time="0.236">
    <system-out><![CDATA[
Scenario: Verify Forms Tab visibility    # src/test/java/Features/Account.feature:34
PaySchools Admin -Home
  Given homepage should display          # Steps.LoginPageSteps.homepage_should_display()
  Then validate Forms Tab should visible # Steps.HomePageSteps.validate_Forms_Tab_should_visible()
]]></system-out>
  </testcase>
  <testcase name="Verify School Programs Tab visibility" classname="Validate end to end testing on Account Tab" time="0.172">
    <system-out><![CDATA[
Scenario: Verify School Programs Tab visibility    # src/test/java/Features/Account.feature:38
PaySchools Admin -Home
  Given homepage should display                    # Steps.LoginPageSteps.homepage_should_display()
  Then validate School Programs Tab should visible # Steps.HomePageSteps.validate_School_Programs_Tab_should_visible()
]]></system-out>
  </testcase>
  <testcase name="Select Search Patron" classname="Validate end to end testing on Account Tab" time="20.571">
    <system-out><![CDATA[
Scenario: Select Search Patron # src/test/java/Features/Account.feature:42
  Given mouse over to Patron   # Steps.HomePageSteps.mouse_over_to_patron()
  And select Search Patron     # Steps.HomePageSteps.select_search_patron()
  When Search Box visible      # Steps.HomePageSteps.search_box_visible()
  Then enter Patron Name or ID # Steps.HomePageSteps.enter_patron_name_or_id()
  And click search button      # Steps.HomePageSteps.click_search_button()
]]></system-out>
  </testcase>
  <testcase name="Select first patron" classname="Validate end to end testing on Account Tab" time="9.417">
    <system-out><![CDATA[
Scenario: Select first patron             # src/test/java/Features/Account.feature:49
View Patron
  Given After user is on view patron page # Steps.HomePageSteps.After_user_is_on_view_patron_page()
Display first patron 
  When first patron display               # Steps.HomePageSteps.first_patron_display()
  Then click on first patron              # Steps.HomePageSteps.click_on_first_patron()
]]></system-out>
  </testcase>
  <testcase name="Go to Account Page and insert" classname="Validate end to end testing on Account Tab" time="11.035">
    <system-out><![CDATA[
Scenario: Go to Account Page and insert # src/test/java/Features/Account.feature:54
  Given Account Tab display             # Steps.AccountSteps.Account_Tab_display()
  When Click on Account Tab             # Steps.AccountSteps.Click_on_Account_Tab()
]]></system-out>
  </testcase>
  <testcase name="Edit Account" classname="Validate end to end testing on Account Tab" time="46.091">
    <system-out><![CDATA[
Scenario: Edit Account        # src/test/java/Features/Account.feature:62
  Given Account Tab display   # Steps.AccountSteps.Account_Tab_display()
  And click on Refresh button # Steps.AccountSteps.click_on_Refresh_button()
  When click on edit button   # Steps.AccountSteps.click_on_edit_button()
  And validate edit fields    # Steps.AccountSteps.validate_edit_fields()
  Then click on Save button   # Steps.AccountSteps.click_on_Save_button()
  And click on Refresh button # Steps.AccountSteps.click_on_Refresh_button()
  And go to Home Page         # Steps.FeesSteps.go_to_Home_Page()
  And perform logout          # Steps.LoginPageSteps.perform_logout()
]]></system-out>
  </testcase>
  <testcase name="Validate Fees tab" classname="Validate end to end testing on Admin. Manage fees" time="7.64">
    <system-out><![CDATA[
Scenario Outline: Validate Fees tab            # src/test/java/Features/Fees.feature:12
Element Visible
  When username and password field are display # Steps.LoginPageSteps.username_and_password_field_are_display()
  And enter "chimerasa" and "Test2021"         # Steps.LoginPageSteps.enter_and(java.lang.String,java.lang.String)
  And click on Login button                    # Steps.LoginPageSteps.click_on_login_button()
PaySchools Admin -Home
  Then homepage should display                 # Steps.LoginPageSteps.homepage_should_display()
  Then verify Fees Tab                         # Steps.FeesSteps.verify_Fees_Tab()
]]></system-out>
  </testcase>
  <testcase name="Go to Admin Manage Fees" classname="Validate end to end testing on Admin. Manage fees" time="23.298">
    <system-out><![CDATA[
Scenario: Go to Admin Manage Fees  # src/test/java/Features/Fees.feature:14
  When mouse over to Fees          # Steps.FeesSteps.mouse_over_to_Fees()
  And mouse over to Administration # Steps.FeesSteps.mouse_over_to_Administration()
  Then Select Manage Fees          # Steps.FeesSteps.Select_Manage_Fees()
]]></system-out>
  </testcase>
  <testcase name="verify search text box" classname="Validate end to end testing on Admin. Manage fees" time="0.177">
    <system-out><![CDATA[
Scenario: verify search text box    # src/test/java/Features/Fees.feature:19
  Given user is on Manage Fees page # Steps.FeesSteps.user_is_on_Manage_Fees_page()
  When Search text box display      # Steps.FeesSteps.Search_text_box_display()
  Then click on first school        # Steps.FeesSteps.click_on_first_school()
]]></system-out>
  </testcase>
  <testcase name="select first school" classname="Validate end to end testing on Admin. Manage fees" time="12.519">
    <system-out><![CDATA[
Scenario: select first school           # src/test/java/Features/Fees.feature:24
  When user click on first school       # Steps.FeesSteps.user_click_on_first_school()
  And click on Edit Action button       # Steps.FeesSteps.click_on_edit_action_button()
  Then choose fee type window displayed # Steps.FeesSteps.choose_fee_type_window_displayed()
  And select Assigned Fees              # Steps.FeesSteps.select_assigned_fees()
  And click start button                # Steps.FeesSteps.click_start_button()
]]></system-out>
  </testcase>
  <testcase name="verify Required Information" classname="Validate end to end testing on Admin. Manage fees" time="74.221">
    <system-out><![CDATA[
Scenario: verify Required Information                                                          # src/test/java/Features/Fees.feature:31
  Given user is on Required Information page                                                   # Steps.FeesSteps.user_is_on_required_information_page()
  When user edit fee name, fee description and fee code                                        # Steps.FeesSteps.user_edit_fee_name_fee_description_and_fee_code()
  And validate select district, select school, expire at end checkbox, start date and end date # Steps.FeesSteps.validate_select_district_select_school_expire_at_end_checkbox_start_date_and_end_date()
  And validate fee category and fee type                                                       # Steps.FeesSteps.validate_fee_category_and_fee_type()
  Then click on next button                                                                    # Steps.FeesSteps.click_on_next_button()
]]></system-out>
  </testcase>
  <testcase name="verify Amount &amp; Installation" classname="Validate end to end testing on Admin. Manage fees" time="26.438">
    <system-out><![CDATA[
Scenario: verify Amount & Installation        # src/test/java/Features/Fees.feature:38
  Given user is on Amount & Installation page # Steps.FeesSteps.user_is_on_amount_installation_page()
  When user validate fixed field              # Steps.FeesSteps.user_validate_fixed_field()
  And validate Tiered field                   # Steps.FeesSteps.validate_tiered_field()
  And validate Variable filed                 # Steps.FeesSteps.validate_variable_field()
  Then click on next button                   # Steps.FeesSteps.click_on_next_button()
  And go to Home Page                         # Steps.FeesSteps.go_to_Home_Page()
  And perform logout                          # Steps.LoginPageSteps.perform_logout()
]]></system-out>
  </testcase>
  <testcase name="Validate Home Page" classname="Validate End to End testing on Home Page" time="8.004">
    <system-out><![CDATA[
Scenario Outline: Validate Home Page           # src/test/java/Features/HomePage.feature:11
Element Visible
  When username and password field are display # Steps.LoginPageSteps.username_and_password_field_are_display()
  And enter "chimerasa" and "Test2021"         # Steps.LoginPageSteps.enter_and(java.lang.String,java.lang.String)
  And click on Login button                    # Steps.LoginPageSteps.click_on_login_button()
PaySchools Admin -Home
  Then homepage should display                 # Steps.LoginPageSteps.homepage_should_display()
]]></system-out>
  </testcase>
  <testcase name="Verify Home Tab visibility" classname="Validate End to End testing on Home Page" time="0.103">
    <system-out><![CDATA[
Scenario: Verify Home Tab visibility    # src/test/java/Features/HomePage.feature:13
PaySchools Admin -Home
  Given homepage should display         # Steps.LoginPageSteps.homepage_should_display()
  Then validate Home Tab should visible # Steps.HomePageSteps.validate_Home_Tab_should_visible()
]]></system-out>
  </testcase>
  <testcase name="Verify Patrons Tab visibility" classname="Validate End to End testing on Home Page" time="0.104">
    <system-out><![CDATA[
Scenario: Verify Patrons Tab visibility    # src/test/java/Features/HomePage.feature:17
PaySchools Admin -Home
  Given homepage should display            # Steps.LoginPageSteps.homepage_should_display()
  Then validate Patrons Tab should visible # Steps.HomePageSteps.validate_Patrons_Tab_should_visible()
]]></system-out>
  </testcase>
  <testcase name="Verify Reports Tab visibility" classname="Validate End to End testing on Home Page" time="0.126">
    <system-out><![CDATA[
Scenario: Verify Reports Tab visibility    # src/test/java/Features/HomePage.feature:21
PaySchools Admin -Home
  Given homepage should display            # Steps.LoginPageSteps.homepage_should_display()
  Then validate Reports Tab should visible # Steps.HomePageSteps.validate_Reports_Tab_should_visible()
]]></system-out>
  </testcase>
  <testcase name="Verify Nurse Tracking Tab visibility" classname="Validate End to End testing on Home Page" time="0.099">
    <system-out><![CDATA[
Scenario: Verify Nurse Tracking Tab visibility    # src/test/java/Features/HomePage.feature:25
PaySchools Admin -Home
  Given homepage should display                   # Steps.LoginPageSteps.homepage_should_display()
  Then validate Nurse Tracking Tab should visible # Steps.HomePageSteps.validate_Nurse_Tracking_Tab_should_visible()
]]></system-out>
  </testcase>
  <testcase name="Verify Quick Apps Tab visibility" classname="Validate End to End testing on Home Page" time="0.102">
    <system-out><![CDATA[
Scenario: Verify Quick Apps Tab visibility    # src/test/java/Features/HomePage.feature:29
PaySchools Admin -Home
  Given homepage should display               # Steps.LoginPageSteps.homepage_should_display()
  Then validate Quick Apps Tab should visible # Steps.HomePageSteps.validate_Quick_Apps_Tab_should_visible()
]]></system-out>
  </testcase>
  <testcase name="Verify Forms Tab visibility" classname="Validate End to End testing on Home Page" time="0.16">
    <system-out><![CDATA[
Scenario: Verify Forms Tab visibility    # src/test/java/Features/HomePage.feature:33
PaySchools Admin -Home
  Given homepage should display          # Steps.LoginPageSteps.homepage_should_display()
  Then validate Forms Tab should visible # Steps.HomePageSteps.validate_Forms_Tab_should_visible()
]]></system-out>
  </testcase>
  <testcase name="Verify School Programs Tab visibility" classname="Validate End to End testing on Home Page" time="0.116">
    <system-out><![CDATA[
Scenario: Verify School Programs Tab visibility    # src/test/java/Features/HomePage.feature:37
PaySchools Admin -Home
  Given homepage should display                    # Steps.LoginPageSteps.homepage_should_display()
  Then validate School Programs Tab should visible # Steps.HomePageSteps.validate_School_Programs_Tab_should_visible()
]]></system-out>
  </testcase>
  <testcase name="Select Search Patron" classname="Validate End to End testing on Home Page" time="15.854">
    <system-out><![CDATA[
Scenario: Select Search Patron # src/test/java/Features/HomePage.feature:41
  Given mouse over to Patron   # Steps.HomePageSteps.mouse_over_to_patron()
  And select Search Patron     # Steps.HomePageSteps.select_search_patron()
  When Search Box visible      # Steps.HomePageSteps.search_box_visible()
  Then enter Patron Name or ID # Steps.HomePageSteps.enter_patron_name_or_id()
  And click search button      # Steps.HomePageSteps.click_search_button()
]]></system-out>
  </testcase>
  <testcase name="Select first patron" classname="Validate End to End testing on Home Page" time="7.397">
    <system-out><![CDATA[
Scenario: Select first patron             # src/test/java/Features/HomePage.feature:48
View Patron
  Given After user is on view patron page # Steps.HomePageSteps.After_user_is_on_view_patron_page()
Display first patron 
  When first patron display               # Steps.HomePageSteps.first_patron_display()
  Then click on first patron              # Steps.HomePageSteps.click_on_first_patron()
]]></system-out>
  </testcase>
  <testcase name="Quick Lunch Restriction" classname="Validate End to End testing on Home Page" time="29.525">
    <system-out><![CDATA[
Scenario: Quick Lunch Restriction            # src/test/java/Features/HomePage.feature:53
  When Select Quick Lunch Restriction button # Steps.HomePageSteps.Select_Quick_Lunch_Restriction_button()
  Then Validate each fields                  # Steps.HomePageSteps.Validate_each_fields()
]]></system-out>
  </testcase>
  <testcase name="Validate Report Tab" classname="Validate End to End testing on Home Page" time="8.221">
    <system-out><![CDATA[
Scenario: Validate Report Tab                     # src/test/java/Features/HomePage.feature:57
Report Tab Visible: true
  Given check Report tab is visible and clickable # Steps.HomePageSteps.check_Report_tab_is_visible()
  Then click on Report Tab                        # Steps.HomePageSteps.click_on_Report_Tab()
]]></system-out>
  </testcase>
  <testcase name="Go to Patron Account Activity" classname="Validate End to End testing on Home Page" time="15.859">
    <system-out><![CDATA[
Scenario: Go to Patron Account Activity # src/test/java/Features/HomePage.feature:61
  Given mouse over to Patron Tab        # Steps.HomePageSteps.mouse_over_to_Patron_Tab()
  And mouse over to Account Reports     # Steps.HomePageSteps.mouse_over_to_Account_Reports()
  Then Select Patron Account Activity   # Steps.HomePageSteps.Select_Patron_Account_Activity()
]]></system-out>
  </testcase>
  <testcase name="Generate Report" classname="Validate End to End testing on Home Page" time="48.311">
    <system-out><![CDATA[
Scenario: Generate Report                      # src/test/java/Features/HomePage.feature:66
  Given user is on report page                 # Steps.HomePageSteps.user_is_on_report_page()
  When click on patron tab                     # Steps.HomePageSteps.click_on_patron_tab()
  And enter patronID, Last name and first name # Steps.HomePageSteps.enter_patronID_Last_name_and_first_name()
  And click on search button                   # Steps.HomePageSteps.click_on_search_button()
  Then click on Add All button                 # Steps.HomePageSteps.click_on_Add_All_button()
  And go to Home Page                          # Steps.FeesSteps.go_to_Home_Page()
  And perform logout                           # Steps.LoginPageSteps.perform_logout()
]]></system-out>
  </testcase>
  <testcase name="Title of Login Page" classname="validate Login Page" time="0.036">
    <system-out><![CDATA[
Scenario: Title of Login Page # src/test/java/Features/LoginPage.feature:4
  When Login Page Display     # Steps.LoginPageSteps.login_page_display()
PaySchools Admin -Logout
  Then fetch login page title # Steps.LoginPageSteps.fetch_login_page_title()
]]></system-out>
  </testcase>
  <testcase name="Verify Password Reset button is visible" classname="validate Login Page" time="3.433">
    <system-out><![CDATA[
Scenario: Verify Password Reset button is visible # src/test/java/Features/LoginPage.feature:8
  When Login Page Display                         # Steps.LoginPageSteps.login_page_display()
  Then password reset button should be visible    # Steps.LoginPageSteps.password_reset_button_visible()
]]></system-out>
  </testcase>
  <testcase name="Verify Password Reset button is clickable" classname="validate Login Page" time="1.062">
    <system-out><![CDATA[
Scenario: Verify Password Reset button is clickable # src/test/java/Features/LoginPage.feature:12
  When Login Page Display                           # Steps.LoginPageSteps.login_page_display()
  Then password reset button should be clickable    # Steps.LoginPageSteps.password_reset_button_clickable()
  And click on Back to SignIn Page                  # Steps.LoginPageSteps.click_on_back_to_sign_in_page()
]]></system-out>
  </testcase>
  <testcase name="Verify Privacy Policy is visible" classname="validate Login Page" time="0.079">
    <system-out><![CDATA[
Scenario: Verify Privacy Policy is visible # src/test/java/Features/LoginPage.feature:17
  When Login Page Display                  # Steps.LoginPageSteps.login_page_display()
  Then Privacy Policy should be visible    # Steps.LoginPageSteps.Privacy_policy_visible()
]]></system-out>
  </testcase>
  <testcase name="Verify Terms and Condition is visible" classname="validate Login Page" time="0.078">
    <system-out><![CDATA[
Scenario: Verify Terms and Condition is visible # src/test/java/Features/LoginPage.feature:21
  When Login Page Display                       # Steps.LoginPageSteps.login_page_display()
  Then Terms and Condition should be visible    # Steps.LoginPageSteps.terms_and_condition_visible()
]]></system-out>
  </testcase>
  <testcase name="Validate bar menu" classname="validate Login Page" time="0.603">
    <system-out><![CDATA[
Scenario: Validate bar menu        # src/test/java/Features/LoginPage.feature:25
  When Login Page Display          # Steps.LoginPageSteps.login_page_display()
  Then click on bar menu icon      # Steps.LoginPageSteps.click_on_bar_menu_icon()
  And click on each Tab            # Steps.LoginPageSteps.click_on_each_tab()
  And click on Back to SignIn Page # Steps.LoginPageSteps.click_on_back_to_sign_in_page()
]]></system-out>
  </testcase>
  <testcase name="do positive login" classname="validate Login Page" time="14.034">
    <system-out><![CDATA[
Scenario Outline: do positive login            # src/test/java/Features/LoginPage.feature:40
Element Visible
  When username and password field are display # Steps.LoginPageSteps.username_and_password_field_are_display()
  And enter "chimerasa" and "Test2021"         # Steps.LoginPageSteps.enter_and(java.lang.String,java.lang.String)
  And click on Login button                    # Steps.LoginPageSteps.click_on_login_button()
PaySchools Admin -Home
  Then homepage should display                 # Steps.LoginPageSteps.homepage_should_display()
  And perform logout                           # Steps.LoginPageSteps.perform_logout()
]]></system-out>
  </testcase>
  <testcase name="do Negative Login" classname="validate Login Page" time="5.488">
    <system-out><![CDATA[
Scenario Outline: do Negative Login            # src/test/java/Features/LoginPage.feature:50
Element Visible
  When username and password field are display # Steps.LoginPageSteps.username_and_password_field_are_display()
  And enter "chimerasa" and "Test202"          # Steps.LoginPageSteps.enter_and(java.lang.String,java.lang.String)
  And click on Login button                    # Steps.LoginPageSteps.click_on_login_button()
Invalid login. Either your username or password was incorrect.
  Then error message should display            # Steps.LoginPageSteps.error_message_should_display()
]]></system-out>
  </testcase>
</testsuite>